#
# A fatal error has been detected by the Java Runtime Environment:
#
#  SIGSEGV (0xb) at pc=0x00007f7a3fb25040, pid=622636, tid=622649
#
# JRE version: OpenJDK Runtime Environment Temurin-17.0.2+8 (17.0.2+8) (build 17.0.2+8)
# Java VM: OpenJDK 64-Bit Server VM Temurin-17.0.2+8 (17.0.2+8, mixed mode, tiered, compressed oops, compressed class ptrs, g1 gc, linux-amd64)
# Problematic frame:
# V  [libjvm.so+0xc5d040]  PhaseOutput::Output()+0x710
#
# No core dump will be written. Core dumps have been disabled. To enable core dumping, try "ulimit -c unlimited" before starting Java again
#
# If you would like to submit a bug report, please visit:
#   https://github.com/adoptium/adoptium-support/issues
#

---------------  S U M M A R Y ------------

Command Line: -Dapplication.home=/home/najmush/.vscode/extensions/redhat.java-1.4.0/jre/17.0.2-linux-x86_64 -Xms8m -Djdk.module.main=jdk.jcmd jdk.jcmd/sun.tools.jcmd.JCmd 313749 VM.uptime

Host: AMD Ryzen 3 1200 Quad-Core Processor, 4 cores, 15G, Zorin OS 16.1
Time: Mon Apr  4 16:02:35 2022 IST elapsed time: 0.081360 seconds (0d 0h 0m 0s)

---------------  T H R E A D  ---------------

Current thread (0x00007f7a3814d510):  JavaThread "C2 CompilerThread0" daemon [_thread_in_native, id=622649, stack(0x00007f7a06704000,0x00007f7a06805000)]


Current CompileTask:
C2:     82   17       4       java.lang.StringLatin1::hashCode (42 bytes)

Stack: [0x00007f7a06704000,0x00007f7a06805000],  sp=0x00007f7a068008b0,  free space=1010k
Native frames: (J=compiled Java code, j=interpreted, Vv=VM code, C=native code)
V  [libjvm.so+0xc5d040]  PhaseOutput::Output()+0x710
V  [libjvm.so+0x5da81d]  Compile::Code_Gen()+0x45d
V  [libjvm.so+0x5e1971]  Compile::Compile(ciEnv*, ciMethod*, int, bool, bool, bool, bool, bool, DirectiveSet*)+0xea1
V  [libjvm.so+0x51334a]  C2Compiler::compile_method(ciEnv*, ciMethod*, int, bool, DirectiveSet*)+0xba
V  [libjvm.so+0x5eb94c]  CompileBroker::invoke_compiler_on_method(CompileTask*)+0xedc
V  [libjvm.so+0x5ec668]  CompileBroker::compiler_thread_loop()+0x4c8
V  [libjvm.so+0xf02e80]  JavaThread::thread_main_inner()+0x180
V  [libjvm.so+0xf062e2]  Thread::call_run()+0xe2
V  [libjvm.so+0xc40b81]  thread_native_entry(Thread*)+0xe1


siginfo: si_signo: 11 (SIGSEGV), si_code: 1 (SEGV_MAPERR), si_addr: 0x00007f7a468031c0

Register to memory mapping:

RAX=0x00007f7a06802f40 is pointing into the stack for thread: 0x00007f7a3814d510
RBX=0x000000000000000d is an unknown value
RCX=0x00007f7a068031a8 is pointing into the stack for thread: 0x00007f7a3814d510
RDX=0x00007f79ec0260f8 points into unknown readable memory: 0x00007f79ec0280e0 | e0 80 02 ec 79 7f 00 00
RSP=0x00007f7a068008b0 is pointing into the stack for thread: 0x00007f7a3814d510
RBP=0x00007f7a068008f0 is pointing into the stack for thread: 0x00007f7a3814d510
RSI=0x0000000000000018 is an unknown value
RDI=0x00007f7a40464ee8: <offset 0x000000000159cee8> in /home/najmush/.vscode/extensions/redhat.java-1.4.0/jre/17.0.2-linux-x86_64/lib/server/libjvm.so at 0x00007f7a3eec8000
R8 =0x0 is NULL
R9 =0x00007f7a3817dc58 points into unknown readable memory: 0x00007f7a40448068 | 68 80 44 40 7a 7f 00 00
R10=0x00007f7a381867d8 points into unknown readable memory: 0x0000000000000000 | 00 00 00 00 00 00 00 00
R11=0x00007f7a38179b98 points into unknown readable memory: 0x00007f7a40447f90 | 90 7f 44 40 7a 7f 00 00
R12=0x00007f7a06800b80 is pointing into the stack for thread: 0x00007f7a3814d510
R13=0x00007f7a3817fc18 points into unknown readable memory: 0x00007f7a403aede8 | e8 ed 3a 40 7a 7f 00 00
R14=0x00007f79ec0260a8 points into unknown readable memory: 0x0000000000000000 | 00 00 00 00 00 00 00 00
R15=0x000000000000010a is an unknown value


Registers:
RAX=0x00007f7a06802f40, RBX=0x000000000000000d, RCX=0x00007f7a068031a8, RDX=0x00007f79ec0260f8
RSP=0x00007f7a068008b0, RBP=0x00007f7a068008f0, RSI=0x0000000000000018, RDI=0x00007f7a40464ee8
R8 =0x0000000000000000, R9 =0x00007f7a3817dc58, R10=0x00007f7a381867d8, R11=0x00007f7a38179b98
R12=0x00007f7a06800b80, R13=0x00007f7a3817fc18, R14=0x00007f79ec0260a8, R15=0x000000000000010a
RIP=0x00007f7a3fb25040, EFLAGS=0x0000000000010287, CSGSFS=0x002b000000000033, ERR=0x0000000000000006
  TRAPNO=0x000000000000000e

Top of Stack: (sp=0x00007f7a068008b0)
0x00007f7a068008b0:   00007f7a068008d0 00007f79ec026060
0x00007f7a068008c0:   00007f7a06800b80 00007f7a06801520
0x00007f7a068008d0:   00007f7a06800b80 00007f7a06802f40
0x00007f7a068008e0:   00007f7a06800970 00007f7a06800910 

Instructions: (pc=0x00007f7a3fb25040)
0x00007f7a3fb24f40:   55 c0 89 45 c8 e8 06 49 7e ff 48 8b 55 c0 8b 45
0x00007f7a3fb24f50:   c8 e9 30 fb ff ff 66 2e 0f 1f 84 00 00 00 00 00
0x00007f7a3fb24f60:   31 f6 4c 89 ff 48 89 45 c8 e8 92 81 fa ff 48 8b
0x00007f7a3fb24f70:   45 c8 e9 f0 fa ff ff 66 0f 1f 84 00 00 00 00 00
0x00007f7a3fb24f80:   48 8d 15 32 cf 3b 00 4c 89 c7 be 48 00 00 00 48
0x00007f7a3fb24f90:   89 4d c0 4c 89 45 c8 e8 74 d0 76 ff 48 8b 4d c0
0x00007f7a3fb24fa0:   4c 8b 45 c8 e9 57 fb ff ff 49 8b 07 4c 89 ff ff
0x00007f7a3fb24fb0:   90 48 01 00 00 3d a3 00 00 00 0f 84 b5 fc ff ff
0x00007f7a3fb24fc0:   49 8b 07 4c 89 ff ff 90 48 01 00 00 41 89 c7 66
0x00007f7a3fb24fd0:   48 8d 3d 11 ff 93 00 66 66 48 e8 81 3e 5f ff 48
0x00007f7a3fb24fe0:   8b 00 48 8b 80 70 05 00 00 48 8b 80 80 00 00 00
0x00007f7a3fb24ff0:   4c 8b b0 80 02 00 00 48 8d 88 68 02 00 00 49 83
0x00007f7a3fb25000:   fe af 76 2b 48 8d 15 ae ce 3b 00 48 89 cf be 50
0x00007f7a3fb25010:   00 00 00 48 89 45 c0 48 89 4d c8 e8 f0 cf 76 ff
0x00007f7a3fb25020:   48 8b 45 c0 48 8b 4d c8 4c 8b b0 80 02 00 00 49
0x00007f7a3fb25030:   8d 56 50 48 3b 90 88 02 00 00 0f 87 40 02 00 00
0x00007f7a3fb25040:   48 89 90 80 02 00 40 4d 85 f6 74 41 31 f6 4c 89
0x00007f7a3fb25050:   f7 e8 9a 47 fa ff 48 8d 05 13 2f 8a 00 41 c6 46
0x00007f7a3fb25060:   34 00 41 c7 46 38 00 00 00 00 49 c7 46 40 00 00
0x00007f7a3fb25070:   00 00 41 c7 46 2c 02 00 00 00 48 83 c0 10 41 81
0x00007f7a3fb25080:   ff 0a 01 00 00 49 89 06 41 0f 94 46 48 41 8b 45
0x00007f7a3fb25090:   28 31 d2 44 8d 78 ff 45 3b 7d 18 73 0b 49 8b 55
0x00007f7a3fb250a0:   20 44 89 f8 48 8b 14 c2 48 8b 02 48 89 d7 48 89
0x00007f7a3fb250b0:   55 c8 ff 50 20 48 8b 55 c8 48 39 c2 74 04 45 2b
0x00007f7a3fb250c0:   7d 48 49 8d 7d 10 4c 89 f2 44 89 fe e8 af 80 fa
0x00007f7a3fb250d0:   ff 41 83 45 28 01 49 8b 44 24 08 45 8b 76 28 4c
0x00007f7a3fb250e0:   8b b8 40 08 00 00 45 3b 77 68 0f 83 7f 01 00 00
0x00007f7a3fb250f0:   49 8b 47 78 4e 89 2c f0 e9 78 fb ff ff 0f 1f 00
0x00007f7a3fb25100:   4c 8b b0 40 08 00 00 66 48 8d 3d d9 fd 93 00 66
0x00007f7a3fb25110:   66 48 e8 49 3d 5f ff 48 8b 00 48 8b 80 70 05 00
0x00007f7a3fb25120:   00 48 8b 80 80 00 00 00 4c 8b a8 80 02 00 00 48
0x00007f7a3fb25130:   8d 88 68 02 00 00 49 83 fd b7 76 2b 48 8d 15 76 


Stack slot to memory mapping:
stack at sp + 0 slots: 0x00007f7a068008d0 is pointing into the stack for thread: 0x00007f7a3814d510
stack at sp + 1 slots: 0x00007f79ec026060 points into unknown readable memory: 0x00007f7a403c7e08 | 08 7e 3c 40 7a 7f 00 00
stack at sp + 2 slots: 0x00007f7a06800b80 is pointing into the stack for thread: 0x00007f7a3814d510
stack at sp + 3 slots: 0x00007f7a06801520 is pointing into the stack for thread: 0x00007f7a3814d510
stack at sp + 4 slots: 0x00007f7a06800b80 is pointing into the stack for thread: 0x00007f7a3814d510
stack at sp + 5 slots: 0x00007f7a06802f40 is pointing into the stack for thread: 0x00007f7a3814d510
stack at sp + 6 slots: 0x00007f7a06800970 is pointing into the stack for thread: 0x00007f7a3814d510
stack at sp + 7 slots: 0x00007f7a06800910 is pointing into the stack for thread: 0x00007f7a3814d510


---------------  P R O C E S S  ---------------

Threads class SMR info:
_java_thread_list=0x00007f7a381e4da0, length=10, elements={
0x00007f7a38023b80, 0x00007f7a38124bf0, 0x00007f7a38126190, 0x00007f7a381475c0,
0x00007f7a3814aed0, 0x00007f7a3814be90, 0x00007f7a3814d510, 0x00007f7a3814e9f0,
0x00007f7a3814fe60, 0x00007f7a381e4070
}

Java Threads: ( => current thread )
  0x00007f7a38023b80 JavaThread "main" [_thread_in_vm, id=622637, stack(0x00007f7a3ec6e000,0x00007f7a3ed6f000)]
  0x00007f7a38124bf0 JavaThread "Reference Handler" daemon [_thread_blocked, id=622644, stack(0x00007f7a1c354000,0x00007f7a1c455000)]
  0x00007f7a38126190 JavaThread "Finalizer" daemon [_thread_blocked, id=622645, stack(0x00007f7a1c253000,0x00007f7a1c354000)]
  0x00007f7a381475c0 JavaThread "Signal Dispatcher" daemon [_thread_blocked, id=622646, stack(0x00007f7a1c152000,0x00007f7a1c253000)]
  0x00007f7a3814aed0 JavaThread "Service Thread" daemon [_thread_blocked, id=622647, stack(0x00007f7a1c051000,0x00007f7a1c152000)]
  0x00007f7a3814be90 JavaThread "Monitor Deflation Thread" daemon [_thread_blocked, id=622648, stack(0x00007f7a06805000,0x00007f7a06906000)]
=>0x00007f7a3814d510 JavaThread "C2 CompilerThread0" daemon [_thread_in_native, id=622649, stack(0x00007f7a06704000,0x00007f7a06805000)]
  0x00007f7a3814e9f0 JavaThread "C1 CompilerThread0" daemon [_thread_blocked, id=622650, stack(0x00007f7a06603000,0x00007f7a06704000)]
  0x00007f7a3814fe60 JavaThread "Sweeper thread" daemon [_thread_blocked, id=622651, stack(0x00007f7a06502000,0x00007f7a06603000)]
  0x00007f7a381e4070 JavaThread "Notification Thread" daemon [_thread_blocked, id=622653, stack(0x00007f7a06016000,0x00007f7a06117000)]

Other Threads:
  0x00007f7a38114ca0 VMThread "VM Thread" [stack: 0x00007f7a1c457000,0x00007f7a1c557000] [id=622643]
  0x00007f7a380d9bb0 WatcherThread [stack: 0x00007f7a05f16000,0x00007f7a06016000] [id=622654]
  0x00007f7a38072790 GCTaskThread "GC Thread#0" [stack: 0x00007f7a3c99b000,0x00007f7a3ca9b000] [id=622638]
  0x00007f7a380836b0 ConcurrentGCThread "G1 Main Marker" [stack: 0x00007f7a3c899000,0x00007f7a3c999000] [id=622639]
  0x00007f7a38084610 ConcurrentGCThread "G1 Conc#0" [stack: 0x00007f7a3c797000,0x00007f7a3c897000] [id=622640]
  0x00007f7a3809b200 ConcurrentGCThread "G1 Refine#0" [stack: 0x00007f7a3c291000,0x00007f7a3c391000] [id=622641]
  0x00007f7a3809c0f0 ConcurrentGCThread "G1 Service" [stack: 0x00007f7a3c18f000,0x00007f7a3c28f000] [id=622642]

Threads with active compile tasks:
C2 CompilerThread0      129   17       4       java.lang.StringLatin1::hashCode (42 bytes)

VM state: not at safepoint (normal execution)

VM Mutex/Monitor currently owned by a thread:  ([mutex/lock_event])
[0x00007f7a38020dc0] AdapterHandlerLibrary_lock - owner thread: 0x0000000000000000

Heap address: 0x0000000706c00000, size: 3988 MB, Compressed Oops mode: Zero based, Oop shift amount: 3

CDS archive(s) not mapped
Compressed class space mapped at: 0x0000000800000000-0x0000000840000000, reserved size: 1073741824
Narrow klass base: 0x0000000800000000, Narrow klass shift: 0, Narrow klass range: 0x40000000

GC Precious Log:
 CPUs: 4 total, 4 available
 Memory: 15951M
 Large Page Support: Disabled
 NUMA Support: Disabled
 Compressed Oops: Enabled (Zero based)
 Heap Region Size: 2M
 Heap Min Capacity: 8M
 Heap Initial Capacity: 8M
 Heap Max Capacity: 3988M
 Pre-touch: Disabled
 Parallel Workers: 4
 Concurrent Workers: 1
 Concurrent Refinement Workers: 4
 Periodic GC: Disabled

Heap:
 garbage-first heap   total 8192K, used 0K [0x0000000706c00000, 0x0000000800000000)
  region size 2048K, 1 young (2048K), 0 survivors (0K)
 Metaspace       used 3741K, committed 3840K, reserved 1056768K
  class space    used 336K, committed 384K, reserved 1048576K

Heap Regions: E=young(eden), S=young(survivor), O=old, HS=humongous(starts), HC=humongous(continues), CS=collection set, F=free, OA=open archive, CA=closed archive, TAMS=top-at-mark-start (previous, next)
|   0|0x0000000706c00000, 0x0000000706c00000, 0x0000000706e00000|  0%| F|  |TAMS 0x0000000706c00000, 0x0000000706c00000| Untracked 
|   1|0x0000000706e00000, 0x0000000706e00000, 0x0000000707000000|  0%| F|  |TAMS 0x0000000706e00000, 0x0000000706e00000| Untracked 
|   2|0x0000000707000000, 0x0000000707000000, 0x0000000707200000|  0%| F|  |TAMS 0x0000000707000000, 0x0000000707000000| Untracked 
|   3|0x0000000707200000, 0x00000007072df740, 0x0000000707400000| 43%| E|  |TAMS 0x0000000707200000, 0x0000000707200000| Complete 

Card table byte_map: [0x00007f7a3d2a8000,0x00007f7a3da72000] _byte_map_base: 0x00007f7a39a72000

Marking Bits (Prev, Next): (CMBitMap*) 0x00007f7a38073210, (CMBitMap*) 0x00007f7a38073250
 Prev Bits: [0x00007f7a225b0000, 0x00007f7a26400000)
 Next Bits: [0x00007f7a1e760000, 0x00007f7a225b0000)

Polling page: 0x00007f7a40953000

Metaspace:

Usage:
  Non-class:      3.33 MB used.
      Class:    338.55 KB used.
       Both:      3.66 MB used.

Virtual space:
  Non-class space:        8.00 MB reserved,       3.38 MB ( 42%) committed,  1 nodes.
      Class space:        1.00 GB reserved,     384.00 KB ( <1%) committed,  1 nodes.
             Both:        1.01 GB reserved,       3.75 MB ( <1%) committed. 

Chunk freelists:
   Non-Class:  0 bytes
       Class:  3.62 MB
        Both:  3.62 MB

MaxMetaspaceSize: unlimited
CompressedClassSpaceSize: 1.00 GB
Initial GC threshold: 21.00 MB
Current GC threshold: 21.00 MB
CDS: off
MetaspaceReclaimPolicy: balanced
 - commit_granule_bytes: 65536.
 - commit_granule_words: 8192.
 - virtual_space_node_default_size: 1048576.
 - enlarge_chunks_in_place: 1.
 - new_chunks_are_fully_committed: 0.
 - uncommit_free_chunks: 1.
 - use_allocation_guard: 0.
 - handle_deallocations: 1.


Internal statistics:

num_allocs_failed_limit: 0.
num_arena_births: 2.
num_arena_deaths: 0.
num_vsnodes_births: 2.
num_vsnodes_deaths: 0.
num_space_committed: 60.
num_space_uncommitted: 0.
num_chunks_returned_to_freelist: 0.
num_chunks_taken_from_freelist: 4.
num_chunk_merges: 0.
num_chunk_splits: 1.
num_chunks_enlarged: 0.
num_purges: 0.
num_inconsistent_stats: 0.

CodeHeap 'non-profiled nmethods': size=120032Kb used=13Kb max_used=13Kb free=120018Kb
 bounds [0x00007f7a2dec8000, 0x00007f7a2e138000, 0x00007f7a35400000]
CodeHeap 'profiled nmethods': size=120028Kb used=94Kb max_used=94Kb free=119933Kb
 bounds [0x00007f7a26991000, 0x00007f7a26c01000, 0x00007f7a2dec8000]
CodeHeap 'non-nmethods': size=5700Kb used=1053Kb max_used=1053Kb free=4646Kb
 bounds [0x00007f7a26400000, 0x00007f7a26670000, 0x00007f7a26991000]
 total_blobs=391 nmethods=72 adapters=233
 compilation: enabled
              stopped_count=0, restarted_count=0
 full_count=0

Compilation events (20 events):
Event: 0.051 Thread 0x00007f7a3814e9f0 nmethod 7 0x00007f7a26992f10 code [0x00007f7a269930c0, 0x00007f7a269933c0]
Event: 0.051 Thread 0x00007f7a3814e9f0    8       3       java.lang.String::equals (56 bytes)
Event: 0.051 Thread 0x00007f7a3814e9f0 nmethod 8 0x00007f7a26993510 code [0x00007f7a269936e0, 0x00007f7a26993b60]
Event: 0.052 Thread 0x00007f7a3814e9f0    9       3       java.util.Objects::equals (23 bytes)
Event: 0.052 Thread 0x00007f7a3814e9f0 nmethod 9 0x00007f7a26993c90 code [0x00007f7a26993e40, 0x00007f7a269940c0]
Event: 0.052 Thread 0x00007f7a3814e9f0   10       3       java.lang.StringLatin1::equals (36 bytes)
Event: 0.052 Thread 0x00007f7a3814e9f0 nmethod 10 0x00007f7a26994190 code [0x00007f7a26994340, 0x00007f7a269945d0]
Event: 0.056 Thread 0x00007f7a3814e9f0   11       3       java.util.Set::of (4 bytes)
Event: 0.056 Thread 0x00007f7a3814e9f0 nmethod 11 0x00007f7a26994710 code [0x00007f7a269948a0, 0x00007f7a26994990]
Event: 0.056 Thread 0x00007f7a3814e9f0   12       3       java.lang.module.ModuleDescriptor$Exports::<init> (20 bytes)
Event: 0.056 Thread 0x00007f7a3814e9f0 nmethod 12 0x00007f7a26994a10 code [0x00007f7a26994bc0, 0x00007f7a26994e50]
Event: 0.056 Thread 0x00007f7a3814e9f0   13       3       java.util.AbstractCollection::<init> (5 bytes)
Event: 0.056 Thread 0x00007f7a3814e9f0 nmethod 13 0x00007f7a26994f10 code [0x00007f7a269950c0, 0x00007f7a26995210]
Event: 0.056 Thread 0x00007f7a3814e9f0   14       3       java.util.ImmutableCollections$AbstractImmutableCollection::<init> (5 bytes)
Event: 0.057 Thread 0x00007f7a3814e9f0 nmethod 14 0x00007f7a26995310 code [0x00007f7a269954c0, 0x00007f7a26995670]
Event: 0.057 Thread 0x00007f7a3814e9f0   15       3       java.util.ImmutableCollections$AbstractImmutableSet::<init> (5 bytes)
Event: 0.057 Thread 0x00007f7a3814e9f0 nmethod 15 0x00007f7a26995790 code [0x00007f7a26995940, 0x00007f7a26995b70]
Event: 0.057 Thread 0x00007f7a3814e9f0   16       3       java.util.Objects::requireNonNull (14 bytes)
Event: 0.057 Thread 0x00007f7a3814e9f0 nmethod 16 0x00007f7a26995c90 code [0x00007f7a26995e40, 0x00007f7a26996020]
Event: 0.057 Thread 0x00007f7a3814d510   17       4       java.lang.StringLatin1::hashCode (42 bytes)

GC Heap History (0 events):
No events

Deoptimization events (0 events):
No events

Classes unloaded (0 events):
No events

Classes redefined (0 events):
No events

Internal exceptions (0 events):
No events

VM Operations (0 events):
No events

Events (20 events):
Event: 0.058 loading class java/util/Collections$UnmodifiableMap done
Event: 0.058 loading class jdk/internal/module/ModuleResolution
Event: 0.058 loading class jdk/internal/module/ModuleResolution done
Event: 0.058 loading class java/lang/module/ModuleReference
Event: 0.058 loading class java/lang/module/ModuleReference done
Event: 0.058 loading class jdk/internal/module/SystemModuleFinders$2
Event: 0.058 loading class java/util/function/Supplier
Event: 0.058 loading class java/util/function/Supplier done
Event: 0.058 loading class jdk/internal/module/SystemModuleFinders$2 done
Event: 0.058 loading class jdk/internal/module/ModuleReferenceImpl
Event: 0.058 loading class jdk/internal/module/ModuleReferenceImpl done
Event: 0.058 loading class jdk/internal/module/SystemModuleFinders$3
Event: 0.058 loading class jdk/internal/module/ModuleHashes$HashSupplier
Event: 0.058 loading class jdk/internal/module/ModuleHashes$HashSupplier done
Event: 0.058 loading class jdk/internal/module/SystemModuleFinders$3 done
Event: 0.059 loading class jdk/internal/module/SystemModuleFinders$SystemModuleFinder
Event: 0.059 loading class java/lang/module/ModuleFinder
Event: 0.059 loading class java/lang/module/ModuleFinder done
Event: 0.059 loading class jdk/internal/module/SystemModuleFinders$SystemModuleFinder done
Event: 0.059 loading class java/util/Optional


Dynamic libraries:
706c00000-707400000 rw-p 00000000 00:00 0 
707400000-800020000 ---p 00000000 00:00 0 
800020000-800040000 rw-p 00000000 00:00 0 
800040000-800080000 rw-p 00000000 00:00 0 
800080000-840000000 ---p 00000000 00:00 0 
5632ba000000-5632ba001000 r-xp 00000000 08:02 5510777                    /home/najmush/.vscode/extensions/redhat.java-1.4.0/jre/17.0.2-linux-x86_64/bin/jcmd
5632ba201000-5632ba202000 r--p 00001000 08:02 5510777                    /home/najmush/.vscode/extensions/redhat.java-1.4.0/jre/17.0.2-linux-x86_64/bin/jcmd
5632ba202000-5632ba203000 rw-p 00002000 08:02 5510777                    /home/najmush/.vscode/extensions/redhat.java-1.4.0/jre/17.0.2-linux-x86_64/bin/jcmd
5632bb620000-5632bb641000 rw-p 00000000 00:00 0                          [heap]
7f79d8000000-7f79d8021000 rw-p 00000000 00:00 0 
7f79d8021000-7f79dc000000 ---p 00000000 00:00 0 
7f79dc000000-7f79dc021000 rw-p 00000000 00:00 0 
7f79dc021000-7f79e0000000 ---p 00000000 00:00 0 
7f79e0000000-7f79e006f000 rw-p 00000000 00:00 0 
7f79e006f000-7f79e4000000 ---p 00000000 00:00 0 
7f79e4000000-7f79e4021000 rw-p 00000000 00:00 0 
7f79e4021000-7f79e8000000 ---p 00000000 00:00 0 
7f79e8000000-7f79e8021000 rw-p 00000000 00:00 0 
7f79e8021000-7f79ec000000 ---p 00000000 00:00 0 
7f79ec000000-7f79ec08e000 rw-p 00000000 00:00 0 
7f79ec08e000-7f79f0000000 ---p 00000000 00:00 0 
7f79f0000000-7f79f0021000 rw-p 00000000 00:00 0 
7f79f0021000-7f79f4000000 ---p 00000000 00:00 0 
7f79f4000000-7f79f4021000 rw-p 00000000 00:00 0 
7f79f4021000-7f79f8000000 ---p 00000000 00:00 0 
7f79f8000000-7f79f8021000 rw-p 00000000 00:00 0 
7f79f8021000-7f79fc000000 ---p 00000000 00:00 0 
7f79fc000000-7f79fc021000 rw-p 00000000 00:00 0 
7f79fc021000-7f7a00000000 ---p 00000000 00:00 0 
7f7a00000000-7f7a00021000 rw-p 00000000 00:00 0 
7f7a00021000-7f7a04000000 ---p 00000000 00:00 0 
7f7a05aeb000-7f7a05b00000 r-xp 00000000 08:02 5511170                    /home/najmush/.vscode/extensions/redhat.java-1.4.0/jre/17.0.2-linux-x86_64/lib/libnet.so
7f7a05b00000-7f7a05cff000 ---p 00015000 08:02 5511170                    /home/najmush/.vscode/extensions/redhat.java-1.4.0/jre/17.0.2-linux-x86_64/lib/libnet.so
7f7a05cff000-7f7a05d00000 r--p 00014000 08:02 5511170                    /home/najmush/.vscode/extensions/redhat.java-1.4.0/jre/17.0.2-linux-x86_64/lib/libnet.so
7f7a05d00000-7f7a05d01000 rw-p 00015000 08:02 5511170                    /home/najmush/.vscode/extensions/redhat.java-1.4.0/jre/17.0.2-linux-x86_64/lib/libnet.so
7f7a05d01000-7f7a05d13000 r-xp 00000000 08:02 5511171                    /home/najmush/.vscode/extensions/redhat.java-1.4.0/jre/17.0.2-linux-x86_64/lib/libnio.so
7f7a05d13000-7f7a05f12000 ---p 00012000 08:02 5511171                    /home/najmush/.vscode/extensions/redhat.java-1.4.0/jre/17.0.2-linux-x86_64/lib/libnio.so
7f7a05f12000-7f7a05f13000 r--p 00011000 08:02 5511171                    /home/najmush/.vscode/extensions/redhat.java-1.4.0/jre/17.0.2-linux-x86_64/lib/libnio.so
7f7a05f13000-7f7a05f14000 rw-p 00012000 08:02 5511171                    /home/najmush/.vscode/extensions/redhat.java-1.4.0/jre/17.0.2-linux-x86_64/lib/libnio.so
7f7a05f14000-7f7a05f15000 ---p 00000000 00:00 0 
7f7a05f15000-7f7a06016000 rw-p 00000000 00:00 0 
7f7a06016000-7f7a0601a000 ---p 00000000 00:00 0 
7f7a0601a000-7f7a06502000 rw-p 00000000 00:00 0 
7f7a06502000-7f7a06506000 ---p 00000000 00:00 0 
7f7a06506000-7f7a06603000 rw-p 00000000 00:00 0 
7f7a06603000-7f7a06607000 ---p 00000000 00:00 0 
7f7a06607000-7f7a06704000 rw-p 00000000 00:00 0 
7f7a06704000-7f7a06708000 ---p 00000000 00:00 0 
7f7a06708000-7f7a06805000 rw-p 00000000 00:00 0 
7f7a06805000-7f7a06809000 ---p 00000000 00:00 0 
7f7a06809000-7f7a06906000 rw-p 00000000 00:00 0 
7f7a06906000-7f7a07800000 r--p 00000000 08:02 1578521                    /usr/lib/locale/locale-archive
7f7a07800000-7f7a07b80000 rw-p 00000000 00:00 0 
7f7a07b80000-7f7a08000000 ---p 00000000 00:00 0 
7f7a08000000-7f7a08021000 rw-p 00000000 00:00 0 
7f7a08021000-7f7a0c000000 ---p 00000000 00:00 0 
7f7a0c000000-7f7a0c021000 rw-p 00000000 00:00 0 
7f7a0c021000-7f7a10000000 ---p 00000000 00:00 0 
7f7a10000000-7f7a10021000 rw-p 00000000 00:00 0 
7f7a10021000-7f7a14000000 ---p 00000000 00:00 0 
7f7a14000000-7f7a14021000 rw-p 00000000 00:00 0 
7f7a14021000-7f7a18000000 ---p 00000000 00:00 0 
7f7a18000000-7f7a18021000 rw-p 00000000 00:00 0 
7f7a18021000-7f7a1c000000 ---p 00000000 00:00 0 
7f7a1c051000-7f7a1c055000 ---p 00000000 00:00 0 
7f7a1c055000-7f7a1c152000 rw-p 00000000 00:00 0 
7f7a1c152000-7f7a1c156000 ---p 00000000 00:00 0 
7f7a1c156000-7f7a1c253000 rw-p 00000000 00:00 0 
7f7a1c253000-7f7a1c257000 ---p 00000000 00:00 0 
7f7a1c257000-7f7a1c354000 rw-p 00000000 00:00 0 
7f7a1c354000-7f7a1c358000 ---p 00000000 00:00 0 
7f7a1c358000-7f7a1c455000 rw-p 00000000 00:00 0 
7f7a1c455000-7f7a1c456000 ---p 00000000 00:00 0 
7f7a1c456000-7f7a1c557000 rw-p 00000000 00:00 0 
7f7a1c557000-7f7a1c55e000 r-xp 00000000 08:02 5511178                    /home/najmush/.vscode/extensions/redhat.java-1.4.0/jre/17.0.2-linux-x86_64/lib/libzip.so
7f7a1c55e000-7f7a1c75e000 ---p 00007000 08:02 5511178                    /home/najmush/.vscode/extensions/redhat.java-1.4.0/jre/17.0.2-linux-x86_64/lib/libzip.so
7f7a1c75e000-7f7a1c75f000 r--p 00007000 08:02 5511178                    /home/najmush/.vscode/extensions/redhat.java-1.4.0/jre/17.0.2-linux-x86_64/lib/libzip.so
7f7a1c75f000-7f7a1c760000 rw-p 00008000 08:02 5511178                    /home/najmush/.vscode/extensions/redhat.java-1.4.0/jre/17.0.2-linux-x86_64/lib/libzip.so
7f7a1c760000-7f7a1e780000 rw-p 00000000 00:00 0 
7f7a1e780000-7f7a225b0000 ---p 00000000 00:00 0 
7f7a225b0000-7f7a225d0000 rw-p 00000000 00:00 0 
7f7a225d0000-7f7a26400000 ---p 00000000 00:00 0 
7f7a26400000-7f7a26670000 rwxp 00000000 00:00 0 
7f7a26670000-7f7a26991000 ---p 00000000 00:00 0 
7f7a26991000-7f7a26c01000 rwxp 00000000 00:00 0 
7f7a26c01000-7f7a2dec8000 ---p 00000000 00:00 0 
7f7a2dec8000-7f7a2e138000 rwxp 00000000 00:00 0 
7f7a2e138000-7f7a35400000 ---p 00000000 00:00 0 
7f7a35400000-7f7a38000000 r--s 00000000 08:02 5511179                    /home/najmush/.vscode/extensions/redhat.java-1.4.0/jre/17.0.2-linux-x86_64/lib/modules
7f7a38000000-7f7a38218000 rw-p 00000000 00:00 0 
7f7a38218000-7f7a3c000000 ---p 00000000 00:00 0 
7f7a3c038000-7f7a3c069000 rw-p 00000000 00:00 0 
7f7a3c069000-7f7a3c070000 r--s 00000000 08:02 2230578                    /usr/lib/x86_64-linux-gnu/gconv/gconv-modules.cache
7f7a3c070000-7f7a3c18d000 rw-p 00000000 00:00 0 
7f7a3c18d000-7f7a3c18e000 ---p 00000000 00:00 0 
7f7a3c18e000-7f7a3c28f000 rw-p 00000000 00:00 0 
7f7a3c28f000-7f7a3c290000 ---p 00000000 00:00 0 
7f7a3c290000-7f7a3c795000 rw-p 00000000 00:00 0 
7f7a3c795000-7f7a3c796000 ---p 00000000 00:00 0 
7f7a3c796000-7f7a3c897000 rw-p 00000000 00:00 0 
7f7a3c897000-7f7a3c898000 ---p 00000000 00:00 0 
7f7a3c898000-7f7a3c999000 rw-p 00000000 00:00 0 
7f7a3c999000-7f7a3c99a000 ---p 00000000 00:00 0 
7f7a3c99a000-7f7a3cae2000 rw-p 00000000 00:00 0 
7f7a3cae2000-7f7a3d2a8000 ---p 00000000 00:00 0 
7f7a3d2a8000-7f7a3d2ac000 rw-p 00000000 00:00 0 
7f7a3d2ac000-7f7a3da72000 ---p 00000000 00:00 0 
7f7a3da72000-7f7a3da76000 rw-p 00000000 00:00 0 
7f7a3da76000-7f7a3e23c000 ---p 00000000 00:00 0 
7f7a3e23c000-7f7a3e645000 rw-p 00000000 00:00 0 
7f7a3e645000-7f7a3e72b000 ---p 00000000 00:00 0 
7f7a3e72b000-7f7a3e730000 rw-p 00000000 00:00 0 
7f7a3e730000-7f7a3e816000 ---p 00000000 00:00 0 
7f7a3e816000-7f7a3e81b000 rw-p 00000000 00:00 0 
7f7a3e81b000-7f7a3e822000 ---p 00000000 00:00 0 
7f7a3e822000-7f7a3e846000 r-xp 00000000 08:02 5511157                    /home/najmush/.vscode/extensions/redhat.java-1.4.0/jre/17.0.2-linux-x86_64/lib/libjava.so
7f7a3e846000-7f7a3ea46000 ---p 00024000 08:02 5511157                    /home/najmush/.vscode/extensions/redhat.java-1.4.0/jre/17.0.2-linux-x86_64/lib/libjava.so
7f7a3ea46000-7f7a3ea47000 r--p 00024000 08:02 5511157                    /home/najmush/.vscode/extensions/redhat.java-1.4.0/jre/17.0.2-linux-x86_64/lib/libjava.so
7f7a3ea47000-7f7a3ea48000 rw-p 00025000 08:02 5511157                    /home/najmush/.vscode/extensions/redhat.java-1.4.0/jre/17.0.2-linux-x86_64/lib/libjava.so
7f7a3ea48000-7f7a3ea49000 rw-p 00000000 00:00 0 
7f7a3ea49000-7f7a3ea51000 rw-s 00000000 08:02 918863                     /tmp/hsperfdata_najmush/622636
7f7a3ea51000-7f7a3ea6c000 r-xp 00000000 08:02 5511161                    /home/najmush/.vscode/extensions/redhat.java-1.4.0/jre/17.0.2-linux-x86_64/lib/libjimage.so
7f7a3ea6c000-7f7a3ec6b000 ---p 0001b000 08:02 5511161                    /home/najmush/.vscode/extensions/redhat.java-1.4.0/jre/17.0.2-linux-x86_64/lib/libjimage.so
7f7a3ec6b000-7f7a3ec6d000 r--p 0001a000 08:02 5511161                    /home/najmush/.vscode/extensions/redhat.java-1.4.0/jre/17.0.2-linux-x86_64/lib/libjimage.so
7f7a3ec6d000-7f7a3ec6e000 rw-p 0001c000 08:02 5511161                    /home/najmush/.vscode/extensions/redhat.java-1.4.0/jre/17.0.2-linux-x86_64/lib/libjimage.so
7f7a3ec6e000-7f7a3ec72000 ---p 00000000 00:00 0 
7f7a3ec72000-7f7a3ed6f000 rw-p 00000000 00:00 0 
7f7a3ed6f000-7f7a3ed7c000 r--p 00000000 08:02 1580473                    /usr/lib/x86_64-linux-gnu/libm-2.31.so
7f7a3ed7c000-7f7a3ee23000 r-xp 0000d000 08:02 1580473                    /usr/lib/x86_64-linux-gnu/libm-2.31.so
7f7a3ee23000-7f7a3eebc000 r--p 000b4000 08:02 1580473                    /usr/lib/x86_64-linux-gnu/libm-2.31.so
7f7a3eebc000-7f7a3eebd000 r--p 0014c000 08:02 1580473                    /usr/lib/x86_64-linux-gnu/libm-2.31.so
7f7a3eebd000-7f7a3eebe000 rw-p 0014d000 08:02 1580473                    /usr/lib/x86_64-linux-gnu/libm-2.31.so
7f7a3eebe000-7f7a3eec0000 r--p 00000000 08:02 1580851                    /usr/lib/x86_64-linux-gnu/librt-2.31.so
7f7a3eec0000-7f7a3eec4000 r-xp 00002000 08:02 1580851                    /usr/lib/x86_64-linux-gnu/librt-2.31.so
7f7a3eec4000-7f7a3eec6000 r--p 00006000 08:02 1580851                    /usr/lib/x86_64-linux-gnu/librt-2.31.so
7f7a3eec6000-7f7a3eec7000 r--p 00007000 08:02 1580851                    /usr/lib/x86_64-linux-gnu/librt-2.31.so
7f7a3eec7000-7f7a3eec8000 rw-p 00008000 08:02 1580851                    /usr/lib/x86_64-linux-gnu/librt-2.31.so
7f7a3eec8000-7f7a401ac000 r-xp 00000000 08:02 5511189                    /home/najmush/.vscode/extensions/redhat.java-1.4.0/jre/17.0.2-linux-x86_64/lib/server/libjvm.so
7f7a401ac000-7f7a403ac000 ---p 012e4000 08:02 5511189                    /home/najmush/.vscode/extensions/redhat.java-1.4.0/jre/17.0.2-linux-x86_64/lib/server/libjvm.so
7f7a403ac000-7f7a40465000 r--p 012e4000 08:02 5511189                    /home/najmush/.vscode/extensions/redhat.java-1.4.0/jre/17.0.2-linux-x86_64/lib/server/libjvm.so
7f7a40465000-7f7a4049a000 rw-p 0139d000 08:02 5511189                    /home/najmush/.vscode/extensions/redhat.java-1.4.0/jre/17.0.2-linux-x86_64/lib/server/libjvm.so
7f7a4049a000-7f7a404f5000 rw-p 00000000 00:00 0 
7f7a404f5000-7f7a40517000 r--p 00000000 08:02 1579640                    /usr/lib/x86_64-linux-gnu/libc-2.31.so
7f7a40517000-7f7a4068f000 r-xp 00022000 08:02 1579640                    /usr/lib/x86_64-linux-gnu/libc-2.31.so
7f7a4068f000-7f7a406dd000 r--p 0019a000 08:02 1579640                    /usr/lib/x86_64-linux-gnu/libc-2.31.so
7f7a406dd000-7f7a406e1000 r--p 001e7000 08:02 1579640                    /usr/lib/x86_64-linux-gnu/libc-2.31.so
7f7a406e1000-7f7a406e3000 rw-p 001eb000 08:02 1579640                    /usr/lib/x86_64-linux-gnu/libc-2.31.so
7f7a406e3000-7f7a406e7000 rw-p 00000000 00:00 0 
7f7a406e7000-7f7a406e8000 r--p 00000000 08:02 1579796                    /usr/lib/x86_64-linux-gnu/libdl-2.31.so
7f7a406e8000-7f7a406ea000 r-xp 00001000 08:02 1579796                    /usr/lib/x86_64-linux-gnu/libdl-2.31.so
7f7a406ea000-7f7a406eb000 r--p 00003000 08:02 1579796                    /usr/lib/x86_64-linux-gnu/libdl-2.31.so
7f7a406eb000-7f7a406ec000 r--p 00003000 08:02 1579796                    /usr/lib/x86_64-linux-gnu/libdl-2.31.so
7f7a406ec000-7f7a406ed000 rw-p 00004000 08:02 1579796                    /usr/lib/x86_64-linux-gnu/libdl-2.31.so
7f7a406ed000-7f7a406f3000 r--p 00000000 08:02 1580781                    /usr/lib/x86_64-linux-gnu/libpthread-2.31.so
7f7a406f3000-7f7a40704000 r-xp 00006000 08:02 1580781                    /usr/lib/x86_64-linux-gnu/libpthread-2.31.so
7f7a40704000-7f7a4070a000 r--p 00017000 08:02 1580781                    /usr/lib/x86_64-linux-gnu/libpthread-2.31.so
7f7a4070a000-7f7a4070b000 r--p 0001c000 08:02 1580781                    /usr/lib/x86_64-linux-gnu/libpthread-2.31.so
7f7a4070b000-7f7a4070c000 rw-p 0001d000 08:02 1580781                    /usr/lib/x86_64-linux-gnu/libpthread-2.31.so
7f7a4070c000-7f7a40710000 rw-p 00000000 00:00 0 
7f7a40710000-7f7a4071f000 r-xp 00000000 08:02 5511162                    /home/najmush/.vscode/extensions/redhat.java-1.4.0/jre/17.0.2-linux-x86_64/lib/libjli.so
7f7a4071f000-7f7a4091f000 ---p 0000f000 08:02 5511162                    /home/najmush/.vscode/extensions/redhat.java-1.4.0/jre/17.0.2-linux-x86_64/lib/libjli.so
7f7a4091f000-7f7a40920000 r--p 0000f000 08:02 5511162                    /home/najmush/.vscode/extensions/redhat.java-1.4.0/jre/17.0.2-linux-x86_64/lib/libjli.so
7f7a40920000-7f7a40921000 rw-p 00010000 08:02 5511162                    /home/najmush/.vscode/extensions/redhat.java-1.4.0/jre/17.0.2-linux-x86_64/lib/libjli.so
7f7a40921000-7f7a40923000 r--p 00000000 08:02 1585296                    /usr/lib/x86_64-linux-gnu/libz.so.1.2.11
7f7a40923000-7f7a40934000 r-xp 00002000 08:02 1585296                    /usr/lib/x86_64-linux-gnu/libz.so.1.2.11
7f7a40934000-7f7a4093a000 r--p 00013000 08:02 1585296                    /usr/lib/x86_64-linux-gnu/libz.so.1.2.11
7f7a4093a000-7f7a4093b000 ---p 00019000 08:02 1585296                    /usr/lib/x86_64-linux-gnu/libz.so.1.2.11
7f7a4093b000-7f7a4093c000 r--p 00019000 08:02 1585296                    /usr/lib/x86_64-linux-gnu/libz.so.1.2.11
7f7a4093c000-7f7a4093d000 rw-p 0001a000 08:02 1585296                    /usr/lib/x86_64-linux-gnu/libz.so.1.2.11
7f7a4093f000-7f7a40942000 r--p 00000000 08:02 1580623                    /usr/lib/x86_64-linux-gnu/libnss_files-2.31.so
7f7a40942000-7f7a40949000 r-xp 00003000 08:02 1580623                    /usr/lib/x86_64-linux-gnu/libnss_files-2.31.so
7f7a40949000-7f7a4094b000 r--p 0000a000 08:02 1580623                    /usr/lib/x86_64-linux-gnu/libnss_files-2.31.so
7f7a4094b000-7f7a4094c000 r--p 0000b000 08:02 1580623                    /usr/lib/x86_64-linux-gnu/libnss_files-2.31.so
7f7a4094c000-7f7a4094d000 rw-p 0000c000 08:02 1580623                    /usr/lib/x86_64-linux-gnu/libnss_files-2.31.so
7f7a4094d000-7f7a40953000 rw-p 00000000 00:00 0 
7f7a40953000-7f7a40954000 ---p 00000000 00:00 0 
7f7a40954000-7f7a40955000 r--p 00000000 00:00 0 
7f7a40955000-7f7a40957000 rw-p 00000000 00:00 0 
7f7a40957000-7f7a40958000 r--p 00000000 08:02 1579328                    /usr/lib/x86_64-linux-gnu/ld-2.31.so
7f7a40958000-7f7a4097b000 r-xp 00001000 08:02 1579328                    /usr/lib/x86_64-linux-gnu/ld-2.31.so
7f7a4097b000-7f7a40983000 r--p 00024000 08:02 1579328                    /usr/lib/x86_64-linux-gnu/ld-2.31.so
7f7a40983000-7f7a40984000 ---p 00000000 00:00 0 
7f7a40984000-7f7a40985000 r--p 0002c000 08:02 1579328                    /usr/lib/x86_64-linux-gnu/ld-2.31.so
7f7a40985000-7f7a40986000 rw-p 0002d000 08:02 1579328                    /usr/lib/x86_64-linux-gnu/ld-2.31.so
7f7a40986000-7f7a40987000 rw-p 00000000 00:00 0 
7ffdd1fbb000-7ffdd1fdd000 rw-p 00000000 00:00 0                          [stack]
7ffdd1fde000-7ffdd1fe2000 r--p 00000000 00:00 0                          [vvar]
7ffdd1fe2000-7ffdd1fe4000 r-xp 00000000 00:00 0                          [vdso]
ffffffffff600000-ffffffffff601000 --xp 00000000 00:00 0                  [vsyscall]


VM Arguments:
jvm_args: -Dapplication.home=/home/najmush/.vscode/extensions/redhat.java-1.4.0/jre/17.0.2-linux-x86_64 -Xms8m -Djdk.module.main=jdk.jcmd 
java_command: jdk.jcmd/sun.tools.jcmd.JCmd 313749 VM.uptime
java_class_path (initial): <not set>
Launcher Type: SUN_STANDARD

[Global flags]
     intx CICompilerCount                          = 3                                         {product} {ergonomic}
     uint ConcGCThreads                            = 1                                         {product} {ergonomic}
     uint G1ConcRefinementThreads                  = 4                                         {product} {ergonomic}
   size_t G1HeapRegionSize                         = 2097152                                   {product} {ergonomic}
    uintx GCDrainStackTargetSize                   = 64                                        {product} {ergonomic}
   size_t InitialHeapSize                          = 8388608                                   {product} {command line}
   size_t MarkStackSize                            = 4194304                                   {product} {ergonomic}
   size_t MaxHeapSize                              = 4181721088                                {product} {ergonomic}
   size_t MaxNewSize                               = 2508193792                                {product} {ergonomic}
   size_t MinHeapDeltaBytes                        = 2097152                                   {product} {ergonomic}
   size_t MinHeapSize                              = 8388608                                   {product} {command line}
    uintx NonNMethodCodeHeapSize                   = 5832780                                {pd product} {ergonomic}
    uintx NonProfiledCodeHeapSize                  = 122912730                              {pd product} {ergonomic}
    uintx ProfiledCodeHeapSize                     = 122912730                              {pd product} {ergonomic}
    uintx ReservedCodeCacheSize                    = 251658240                              {pd product} {ergonomic}
     bool SegmentedCodeCache                       = true                                      {product} {ergonomic}
   size_t SoftMaxHeapSize                          = 4181721088                             {manageable} {ergonomic}
     bool UseCompressedClassPointers               = true                           {product lp64_product} {ergonomic}
     bool UseCompressedOops                        = true                           {product lp64_product} {ergonomic}
     bool UseG1GC                                  = true                                      {product} {ergonomic}

Logging:
Log output configuration:
 #0: stdout all=warning uptime,level,tags
 #1: stderr all=off uptime,level,tags

Environment Variables:
PATH=/usr/local/sbin:/usr/local/bin:/usr/sbin:/usr/bin:/sbin:/bin:/usr/games:/usr/local/games:/snap/bin:/snap/bin
USERNAME=najmush
SHELL=/bin/zsh
DISPLAY=:1
LANG=en_IN

Signal Handlers:
   SIGSEGV: crash_handler in libjvm.so, mask=11100100010111111101111111111110, flags=SA_RESTART|SA_SIGINFO
    SIGBUS: crash_handler in libjvm.so, mask=11100100010111111101111111111110, flags=SA_RESTART|SA_SIGINFO
    SIGFPE: crash_handler in libjvm.so, mask=11100100010111111101111111111110, flags=SA_RESTART|SA_SIGINFO
   SIGPIPE: javaSignalHandler in libjvm.so, mask=11100100010111111101111111111110, flags=SA_RESTART|SA_SIGINFO
   SIGXFSZ: javaSignalHandler in libjvm.so, mask=11100100010111111101111111111110, flags=SA_RESTART|SA_SIGINFO
    SIGILL: crash_handler in libjvm.so, mask=11100100010111111101111111111110, flags=SA_RESTART|SA_SIGINFO
   SIGUSR2: SR_handler in libjvm.so, mask=00000000000000000000000000000000, flags=SA_RESTART|SA_SIGINFO
    SIGHUP: UserHandler in libjvm.so, mask=11100100010111111101111111111110, flags=SA_RESTART|SA_SIGINFO
    SIGINT: UserHandler in libjvm.so, mask=11100100010111111101111111111110, flags=SA_RESTART|SA_SIGINFO
   SIGTERM: UserHandler in libjvm.so, mask=11100100010111111101111111111110, flags=SA_RESTART|SA_SIGINFO
   SIGQUIT: UserHandler in libjvm.so, mask=11100100010111111101111111111110, flags=SA_RESTART|SA_SIGINFO
   SIGTRAP: crash_handler in libjvm.so, mask=11100100010111111101111111111110, flags=SA_RESTART|SA_SIGINFO


---------------  S Y S T E M  ---------------

OS:
DISTRIB_ID=Zorin
DISTRIB_RELEASE=16
DISTRIB_CODENAME=focal
DISTRIB_DESCRIPTION="Zorin OS 16.1"
uname: Linux 5.13.0-39-generic #44~20.04.1-Ubuntu SMP Thu Mar 24 16:43:35 UTC 2022 x86_64
OS uptime: 0 days 5:08 hours
libc: glibc 2.31 NPTL 2.31 
rlimit (soft/hard): STACK 8192k/infinity , CORE 0k/infinity , NPROC 63375/63375 , NOFILE 1048576/1048576 , AS infinity/infinity , CPU infinity/infinity , DATA infinity/infinity , FSIZE infinity/infinity , MEMLOCK 65536k/65536k
load average: 2.77 2.23 1.67

/proc/meminfo:
MemTotal:       16334364 kB
MemFree:         3405656 kB
MemAvailable:    8378668 kB
Buffers:          249020 kB
Cached:          5212612 kB
SwapCached:            0 kB
Active:          2232584 kB
Inactive:        9920476 kB
Active(anon):      28956 kB
Inactive(anon):  7010000 kB
Active(file):    2203628 kB
Inactive(file):  2910476 kB
Unevictable:         684 kB
Mlocked:             684 kB
SwapTotal:       2097148 kB
SwapFree:        2097148 kB
Dirty:             18296 kB
Writeback:             0 kB
AnonPages:       6692396 kB
Mapped:          1636876 kB
Shmem:            360128 kB
KReclaimable:     194304 kB
Slab:             369832 kB
SReclaimable:     194304 kB
SUnreclaim:       175528 kB
KernelStack:       22016 kB
PageTables:        72228 kB
NFS_Unstable:          0 kB
Bounce:                0 kB
WritebackTmp:          0 kB
CommitLimit:    10264328 kB
Committed_AS:   18768348 kB
VmallocTotal:   34359738367 kB
VmallocUsed:       83256 kB
VmallocChunk:          0 kB
Percpu:            15424 kB
HardwareCorrupted:     0 kB
AnonHugePages:     30720 kB
ShmemHugePages:        0 kB
ShmemPmdMapped:        0 kB
FileHugePages:         0 kB
FilePmdMapped:         0 kB
HugePages_Total:       0
HugePages_Free:        0
HugePages_Rsvd:        0
HugePages_Surp:        0
Hugepagesize:       2048 kB
Hugetlb:               0 kB
DirectMap4k:      701956 kB
DirectMap2M:    12881920 kB
DirectMap1G:     4194304 kB

/sys/kernel/mm/transparent_hugepage/enabled: always [madvise] never
/sys/kernel/mm/transparent_hugepage/defrag (defrag/compaction efforts parameter): always defer defer+madvise [madvise] never

Process Memory:
Virtual Size: 6884728K (peak: 6950264K)
Resident Set Size: 39548K (peak: 39548K) (anon: 15812K, file: 23736K, shmem: 0K)
Swapped out: 0K
C-Heap outstanding allocations: 3281K

/proc/sys/kernel/threads-max (system-wide limit on the number of threads): 126750
/proc/sys/vm/max_map_count (maximum number of memory map areas a process may have): 65530
/proc/sys/kernel/pid_max (system-wide limit on number of process identifiers): 4194304

container (cgroup) information:
container_type: cgroupv1
cpu_cpuset_cpus: 0-3
cpu_memory_nodes: 0
active_processor_count: 4
cpu_quota: no quota
cpu_period: 100000
cpu_shares: no shares
memory_limit_in_bytes: unlimited
memory_and_swap_limit_in_bytes: unlimited
memory_soft_limit_in_bytes: unlimited
memory_usage_in_bytes: 10723831808
memory_max_usage_in_bytes: 10846904320

Steal ticks since vm start: 0
Steal ticks percentage since vm start:  0.000

CPU: total 4 (initial active 4) (4 cores per cpu, 1 threads per core) family 23 model 1 stepping 1 microcode 0x8001136, cx8, cmov, fxsr, mmx, 3dnowpref, sse, sse2, sse3, ssse3, sse4a, sse4.1, sse4.2, popcnt, lzcnt, tsc, tscinvbit, avx, avx2, aes, clmul, bmi1, bmi2, adx, sha, fma, vzeroupper, clflush, clflushopt
CPU Model and flags from /proc/cpuinfo:
model name	: AMD Ryzen 3 1200 Quad-Core Processor
flags		: fpu vme de pse tsc msr pae mce cx8 apic sep mtrr pge mca cmov pat pse36 clflush mmx fxsr sse sse2 ht syscall nx mmxext fxsr_opt pdpe1gb rdtscp lm constant_tsc rep_good nopl nonstop_tsc cpuid extd_apicid aperfmperf pni pclmulqdq monitor ssse3 fma cx16 sse4_1 sse4_2 movbe popcnt aes xsave avx f16c rdrand lahf_lm cmp_legacy svm extapic cr8_legacy abm sse4a misalignsse 3dnowprefetch osvw skinit wdt tce topoext perfctr_core perfctr_nb bpext perfctr_llc mwaitx cpb hw_pstate ssbd ibpb vmmcall fsgsbase bmi1 avx2 smep bmi2 rdseed adx smap clflushopt sha_ni xsaveopt xsavec xgetbv1 xsaves clzero irperf xsaveerptr arat npt lbrv svm_lock nrip_save tsc_scale vmcb_clean flushbyasid decodeassists pausefilter pfthreshold avic v_vmsave_vmload vgif overflow_recov succor smca sme sev

Online cpus: 0-3
Offline cpus: 4-15
BIOS frequency limitation: 3100000
Frequency switch latency (ns): 0
Available cpu frequencies: 3100000 2800000 1550000 
Current governor: ondemand
Core performance/turbo boost: 1

Memory: 4k page, physical 16334364k(3405404k free), swap 2097148k(2097148k free)
Page Sizes: 4k

vm_info: OpenJDK 64-Bit Server VM (17.0.2+8) for linux-amd64 JRE (17.0.2+8), built on Jan 20 2022 09:56:58 by "" with gcc 7.5.0

END.
